# JRE version: OpenJDK Runtime Environment (23.0.2+7) (build 23.0.2+7-58)
# Java VM: OpenJDK 64-Bit Server VM (23.0.2+7-58, mixed mode, sharing, tiered, compressed oops, compressed class ptrs, g1 gc, windows-amd64)
GC Precious Log:
 CardTable entry size: 512
 Card Set container configuration: InlinePtr #cards 4 size 8 Array Of Cards #cards 32 size 80 Howl #buckets 8 coarsen threshold 7372 Howl Bitmap #cards 1024 size 144 coarsen threshold 921 Card regions per heap region 1 cards per card region 8192
 CPUs: 32 total, 32 available
 Memory: 32503M
 Large Page Support: Disabled
 NUMA Support: Disabled
 Compressed Oops: Enabled (Zero based)
 Heap Region Size: 4M
 Heap Min Capacity: 8M
 Heap Initial Capacity: 508M
 Heap Max Capacity: 8128M
 Pre-touch: Disabled
 Parallel Workers: 23
 Concurrent Workers: 6
 Concurrent Refinement Workers: 23
 Periodic GC: Disabled
Heap:
 garbage-first heap   total reserved 8323072K, committed 520192K, used 246944K [0x0000000604000000, 0x0000000800000000)
  region size 4096K, 61 young (249856K), 1 survivors (4096K)
 Metaspace       used 16685K, committed 17088K, reserved 1114112K
  class space    used 1419K, committed 1600K, reserved 1048576K
GC Heap History (14 events):
Event: 0.447 GC heap before
{Heap before GC invocations=0 (full 0):
 garbage-first heap   total reserved 8323072K, committed 520192K, used 24576K [0x0000000604000000, 0x0000000800000000)
  region size 4096K, 6 young (24576K), 0 survivors (0K)
 Metaspace       used 9946K, committed 10240K, reserved 1114112K
  class space    used 906K, committed 1024K, reserved 1048576K
}
Event: 0.450 GC heap after
{Heap after GC invocations=1 (full 0):
 garbage-first heap   total reserved 8323072K, committed 520192K, used 4126K [0x0000000604000000, 0x0000000800000000)
  region size 4096K, 1 young (4096K), 1 survivors (4096K)
 Metaspace       used 9946K, committed 10240K, reserved 1114112K
  class space    used 906K, committed 1024K, reserved 1048576K
}
Event: 0.642 GC heap before
{Heap before GC invocations=1 (full 0):
 garbage-first heap   total reserved 8323072K, committed 520192K, used 28702K [0x0000000604000000, 0x0000000800000000)
  region size 4096K, 6 young (24576K), 1 survivors (4096K)
 Metaspace       used 13987K, committed 14400K, reserved 1114112K
  class space    used 1305K, committed 1472K, reserved 1048576K
}
Event: 0.645 GC heap after
{Heap after GC invocations=2 (full 0):
 garbage-first heap   total reserved 8323072K, committed 520192K, used 13427K [0x0000000604000000, 0x0000000800000000)
  region size 4096K, 1 young (4096K), 1 survivors (4096K)
 Metaspace       used 13987K, committed 14400K, reserved 1114112K
  class space    used 1305K, committed 1472K, reserved 1048576K
}
Event: 10.165 GC heap before
{Heap before GC invocations=2 (full 0):
 garbage-first heap   total reserved 8323072K, committed 520192K, used 103539K [0x0000000604000000, 0x0000000800000000)
  region size 4096K, 18 young (73728K), 1 survivors (4096K)
 Metaspace       used 16273K, committed 16704K, reserved 1114112K
  class space    used 1409K, committed 1600K, reserved 1048576K
}
Event: 10.168 GC heap after
{Heap after GC invocations=3 (full 0):
 garbage-first heap   total reserved 8323072K, committed 520192K, used 34040K [0x0000000604000000, 0x0000000800000000)
  region size 4096K, 1 young (4096K), 1 survivors (4096K)
 Metaspace       used 16273K, committed 16704K, reserved 1114112K
  class space    used 1409K, committed 1600K, reserved 1048576K
}
Event: 35.295 GC heap before
{Heap before GC invocations=3 (full 0):
 garbage-first heap   total reserved 8323072K, committed 520192K, used 111864K [0x0000000604000000, 0x0000000800000000)
  region size 4096K, 20 young (81920K), 1 survivors (4096K)
 Metaspace       used 16397K, committed 16768K, reserved 1114112K
  class space    used 1411K, committed 1600K, reserved 1048576K
}
Event: 35.298 GC heap after
{Heap after GC invocations=4 (full 0):
 garbage-first heap   total reserved 8323072K, committed 520192K, used 5187K [0x0000000604000000, 0x0000000800000000)
  region size 4096K, 1 young (4096K), 1 survivors (4096K)
 Metaspace       used 16397K, committed 16768K, reserved 1114112K
  class space    used 1411K, committed 1600K, reserved 1048576K
}
Event: 75.171 GC heap before
{Heap before GC invocations=4 (full 0):
 garbage-first heap   total reserved 8323072K, committed 520192K, used 128067K [0x0000000604000000, 0x0000000800000000)
  region size 4096K, 31 young (126976K), 1 survivors (4096K)
 Metaspace       used 16477K, committed 16832K, reserved 1114112K
  class space    used 1416K, committed 1600K, reserved 1048576K
}
Event: 75.174 GC heap after
{Heap after GC invocations=5 (full 0):
 garbage-first heap   total reserved 8323072K, committed 520192K, used 5228K [0x0000000604000000, 0x0000000800000000)
  region size 4096K, 1 young (4096K), 1 survivors (4096K)
 Metaspace       used 16477K, committed 16832K, reserved 1114112K
  class space    used 1416K, committed 1600K, reserved 1048576K
}
Event: 126.081 GC heap before
{Heap before GC invocations=5 (full 0):
 garbage-first heap   total reserved 8323072K, committed 520192K, used 160876K [0x0000000604000000, 0x0000000800000000)
  region size 4096K, 39 young (159744K), 1 survivors (4096K)
 Metaspace       used 16613K, committed 16960K, reserved 1114112K
  class space    used 1416K, committed 1600K, reserved 1048576K
}
Event: 126.083 GC heap after
{Heap after GC invocations=6 (full 0):
 garbage-first heap   total reserved 8323072K, committed 520192K, used 5302K [0x0000000604000000, 0x0000000800000000)
  region size 4096K, 1 young (4096K), 1 survivors (4096K)
 Metaspace       used 16613K, committed 16960K, reserved 1114112K
  class space    used 1416K, committed 1600K, reserved 1048576K
}
Event: 195.771 GC heap before
{Heap before GC invocations=6 (full 0):
 garbage-first heap   total reserved 8323072K, committed 520192K, used 218294K [0x0000000604000000, 0x0000000800000000)
  region size 4096K, 53 young (217088K), 1 survivors (4096K)
 Metaspace       used 16651K, committed 17088K, reserved 1114112K
  class space    used 1416K, committed 1600K, reserved 1048576K
}
Event: 195.773 GC heap after
{Heap after GC invocations=7 (full 0):
 garbage-first heap   total reserved 8323072K, committed 520192K, used 5280K [0x0000000604000000, 0x0000000800000000)
  region size 4096K, 1 young (4096K), 1 survivors (4096K)
 Metaspace       used 16651K, committed 17088K, reserved 1114112K
  class space    used 1416K, committed 1600K, reserved 1048576K
}

